<?xml version="1.0" encoding="UTF-8"?>
<!-- Generated by org.testng.reporters.JUnitXMLReporter -->
<testsuite ignored="0" hostname="DESKTOP-TOSMLO0" failures="0" tests="3" name="Test" time="13.36" errors="0" timestamp="2024-08-24T05:54:47 IST">
  <testcase classname="com.automation.batchexecutionscripts.Hayabusa" name="hayabusa" time="3.613"/>
  <testcase classname="com.automation.batchexecutionscripts.BMW" name="bmw" time="2.328"/>
  <testcase classname="com.automation.batchexecutionscripts.Harley" name="harley" time="7.354"/>
</testsuite> <!-- Test -->
